2019-06-19 12:19:27,679 [INFO] from play.api.http.EnabledFilters in play-dev-mode-akka.actor.default-dispatcher-2 - Enabled Filters (see <https://www.playframework.com/documentation/latest/Filters>):

    play.filters.csrf.CSRFFilter
    play.filters.headers.SecurityHeadersFilter
    play.filters.hosts.AllowedHostsFilter

2019-06-19 12:19:27,729 [INFO] from play.api.Play in play-dev-mode-akka.actor.default-dispatcher-2 - Application started (Dev) (no global state)
2019-06-19 12:19:27,845 [WARN] from play.api.mvc.DefaultUrlEncodedCookieDataCodec in application-akka.actor.default-dispatcher-6 - Cookie failed message authentication check
2019-06-19 12:19:28,169 [WARN] from play.api.mvc.DefaultUrlEncodedCookieDataCodec in application-akka.actor.default-dispatcher-5 - Cookie failed message authentication check
2019-06-19 12:19:28,169 [WARN] from play.api.mvc.DefaultUrlEncodedCookieDataCodec in application-akka.actor.default-dispatcher-6 - Cookie failed message authentication check
2019-06-19 12:19:28,324 [WARN] from play.api.mvc.DefaultUrlEncodedCookieDataCodec in application-akka.actor.default-dispatcher-6 - Cookie failed message authentication check
2019-06-19 12:19:41,256 [ERROR] from application in play-dev-mode-akka.actor.default-dispatcher-2 - 

! @7c90dcjm5 - Internal server error, for (GET) [/] ->
 
play.sbt.PlayExceptions$CompilationException: Compilation error[method render in class views.html.main cannot be applied to given types;
  required: java.lang.String,play.twirl.api.Html
  found: no arguments
  reason: actual and formal argument lists differ in length]
	at play.sbt.PlayExceptions$CompilationException$.apply(PlayExceptions.scala:37)
	at play.sbt.PlayExceptions$CompilationException$.apply(PlayExceptions.scala:37)
	at scala.Option.map(Option.scala:146)
	at play.sbt.run.PlayReload$.$anonfun$taskFailureHandler$1(PlayReload.scala:41)
	at scala.Option.map(Option.scala:146)
	at play.sbt.run.PlayReload$.taskFailureHandler(PlayReload.scala:36)
	at play.sbt.run.PlayReload$.compileFailure(PlayReload.scala:29)
	at play.sbt.run.PlayReload$.$anonfun$compile$3(PlayReload.scala:64)
	at scala.util.Either$LeftProjection.map(Either.scala:569)
	at play.sbt.run.PlayReload$.compile(PlayReload.scala:64)
	at play.sbt.run.PlayRun$.$anonfun$playRunTask$4(PlayRun.scala:80)
	at play.runsupport.Reloader.$anonfun$reload$1(Reloader.scala:501)
	at play.runsupport.Reloader$$anon$1.run(Reloader.scala:58)
	at java.security.AccessController.doPrivileged(Native Method)
	at play.runsupport.Reloader$.play$runsupport$Reloader$$withReloaderContextClassLoader(Reloader.scala:64)
	at play.runsupport.Reloader.reload(Reloader.scala:501)
	at play.core.server.DevServerStart$$anon$1.get(DevServerStart.scala:143)
	at play.core.server.AkkaHttpServer.handleRequest(AkkaHttpServer.scala:304)
	at play.core.server.AkkaHttpServer.$anonfun$createServerBinding$1(AkkaHttpServer.scala:189)
	at akka.stream.impl.fusing.MapAsync$$anon$30.onPush(Ops.scala:1262)
	at akka.stream.impl.fusing.GraphInterpreter.processPush(GraphInterpreter.scala:523)
	at akka.stream.impl.fusing.GraphInterpreter.execute(GraphInterpreter.scala:409)
	at akka.stream.impl.fusing.GraphInterpreterShell.runBatch(ActorGraphInterpreter.scala:599)
	at akka.stream.impl.fusing.GraphInterpreterShell$AsyncInput.execute(ActorGraphInterpreter.scala:480)
	at akka.stream.impl.fusing.GraphInterpreterShell.processEvent(ActorGraphInterpreter.scala:574)
	at akka.stream.impl.fusing.ActorGraphInterpreter.akka$stream$impl$fusing$ActorGraphInterpreter$$processEvent(ActorGraphInterpreter.scala:742)
	at akka.stream.impl.fusing.ActorGraphInterpreter$$anonfun$receive$1.applyOrElse(ActorGraphInterpreter.scala:757)
	at akka.actor.Actor.aroundReceive(Actor.scala:539)
	at akka.actor.Actor.aroundReceive$(Actor.scala:537)
	at akka.stream.impl.fusing.ActorGraphInterpreter.aroundReceive(ActorGraphInterpreter.scala:664)
	at akka.actor.ActorCell.receiveMessage(ActorCell.scala:610)
	at akka.actor.ActorCell.invoke(ActorCell.scala:579)
	at akka.dispatch.Mailbox.processMailbox(Mailbox.scala:268)
	at akka.dispatch.Mailbox.run(Mailbox.scala:229)
	at akka.dispatch.Mailbox.exec(Mailbox.scala:241)
	at akka.dispatch.forkjoin.ForkJoinTask.doExec(ForkJoinTask.java:260)
	at akka.dispatch.forkjoin.ForkJoinPool$WorkQueue.runTask(ForkJoinPool.java:1339)
	at akka.dispatch.forkjoin.ForkJoinPool.runWorker(ForkJoinPool.java:1979)
	at akka.dispatch.forkjoin.ForkJoinWorkerThread.run(ForkJoinWorkerThread.java:107)
2019-06-19 12:19:55,648 [INFO] from play.api.http.EnabledFilters in play-dev-mode-akka.actor.default-dispatcher-2 - Enabled Filters (see <https://www.playframework.com/documentation/latest/Filters>):

    play.filters.csrf.CSRFFilter
    play.filters.headers.SecurityHeadersFilter
    play.filters.hosts.AllowedHostsFilter

2019-06-19 12:19:55,655 [INFO] from play.api.Play in play-dev-mode-akka.actor.default-dispatcher-2 - Application started (Dev) (no global state)
2019-06-19 16:20:20,632 [ERROR] from application in play-dev-mode-akka.actor.default-dispatcher-4 - 

! @7c91j280a - Internal server error, for (GET) [/] ->
 
play.sbt.PlayExceptions$CompilationException: Compilation error[cannot find symbol
  symbol: class HttpServlet]
	at play.sbt.PlayExceptions$CompilationException$.apply(PlayExceptions.scala:37)
	at play.sbt.PlayExceptions$CompilationException$.apply(PlayExceptions.scala:37)
	at scala.Option.map(Option.scala:146)
	at play.sbt.run.PlayReload$.$anonfun$taskFailureHandler$1(PlayReload.scala:41)
	at scala.Option.map(Option.scala:146)
	at play.sbt.run.PlayReload$.taskFailureHandler(PlayReload.scala:36)
	at play.sbt.run.PlayReload$.compileFailure(PlayReload.scala:29)
	at play.sbt.run.PlayReload$.$anonfun$compile$3(PlayReload.scala:64)
	at scala.util.Either$LeftProjection.map(Either.scala:569)
	at play.sbt.run.PlayReload$.compile(PlayReload.scala:64)
	at play.sbt.run.PlayRun$.$anonfun$playRunTask$4(PlayRun.scala:80)
	at play.runsupport.Reloader.$anonfun$reload$1(Reloader.scala:501)
	at play.runsupport.Reloader$$anon$1.run(Reloader.scala:58)
	at java.security.AccessController.doPrivileged(Native Method)
	at play.runsupport.Reloader$.play$runsupport$Reloader$$withReloaderContextClassLoader(Reloader.scala:64)
	at play.runsupport.Reloader.reload(Reloader.scala:501)
	at play.core.server.DevServerStart$$anon$1.get(DevServerStart.scala:143)
	at play.core.server.AkkaHttpServer.handleRequest(AkkaHttpServer.scala:304)
	at play.core.server.AkkaHttpServer.$anonfun$createServerBinding$1(AkkaHttpServer.scala:189)
	at akka.stream.impl.fusing.MapAsync$$anon$30.onPush(Ops.scala:1262)
	at akka.stream.impl.fusing.GraphInterpreter.processPush(GraphInterpreter.scala:523)
	at akka.stream.impl.fusing.GraphInterpreter.execute(GraphInterpreter.scala:409)
	at akka.stream.impl.fusing.GraphInterpreterShell.runBatch(ActorGraphInterpreter.scala:599)
	at akka.stream.impl.fusing.GraphInterpreterShell$AsyncInput.execute(ActorGraphInterpreter.scala:480)
	at akka.stream.impl.fusing.GraphInterpreterShell.processEvent(ActorGraphInterpreter.scala:574)
	at akka.stream.impl.fusing.ActorGraphInterpreter.akka$stream$impl$fusing$ActorGraphInterpreter$$processEvent(ActorGraphInterpreter.scala:742)
	at akka.stream.impl.fusing.ActorGraphInterpreter$$anonfun$receive$1.applyOrElse(ActorGraphInterpreter.scala:757)
	at akka.actor.Actor.aroundReceive(Actor.scala:539)
	at akka.actor.Actor.aroundReceive$(Actor.scala:537)
	at akka.stream.impl.fusing.ActorGraphInterpreter.aroundReceive(ActorGraphInterpreter.scala:664)
	at akka.actor.ActorCell.receiveMessage(ActorCell.scala:610)
	at akka.actor.ActorCell.invoke(ActorCell.scala:579)
	at akka.dispatch.Mailbox.processMailbox(Mailbox.scala:268)
	at akka.dispatch.Mailbox.run(Mailbox.scala:229)
	at akka.dispatch.Mailbox.exec(Mailbox.scala:241)
	at akka.dispatch.forkjoin.ForkJoinTask.doExec(ForkJoinTask.java:260)
	at akka.dispatch.forkjoin.ForkJoinPool$WorkQueue.runTask(ForkJoinPool.java:1339)
	at akka.dispatch.forkjoin.ForkJoinPool.runWorker(ForkJoinPool.java:1979)
	at akka.dispatch.forkjoin.ForkJoinWorkerThread.run(ForkJoinWorkerThread.java:107)
2019-06-19 16:21:22,704 [INFO] from play.api.http.EnabledFilters in play-dev-mode-akka.actor.default-dispatcher-23 - Enabled Filters (see <https://www.playframework.com/documentation/latest/Filters>):

    play.filters.csrf.CSRFFilter
    play.filters.headers.SecurityHeadersFilter
    play.filters.hosts.AllowedHostsFilter

2019-06-19 16:21:22,717 [INFO] from play.api.Play in play-dev-mode-akka.actor.default-dispatcher-23 - Application started (Dev) (no global state)
2019-06-19 16:29:04,247 [INFO] from play.api.http.EnabledFilters in play-dev-mode-akka.actor.default-dispatcher-28 - Enabled Filters (see <https://www.playframework.com/documentation/latest/Filters>):

    play.filters.csrf.CSRFFilter
    play.filters.headers.SecurityHeadersFilter
    play.filters.hosts.AllowedHostsFilter

2019-06-19 16:29:04,255 [INFO] from play.api.Play in play-dev-mode-akka.actor.default-dispatcher-28 - Application started (Dev) (no global state)
2019-06-19 16:34:51,434 [WARN] from application in play-dev-mode-akka.actor.default-dispatcher-40 - Logger configuration in conf files is deprecated and has no effect. Use a logback configuration file instead.
2019-06-19 16:34:51,611 [INFO] from play.api.http.EnabledFilters in play-dev-mode-akka.actor.default-dispatcher-40 - Enabled Filters (see <https://www.playframework.com/documentation/latest/Filters>):

    play.filters.csrf.CSRFFilter
    play.filters.headers.SecurityHeadersFilter
    play.filters.hosts.AllowedHostsFilter

2019-06-19 16:34:51,622 [INFO] from play.api.Play in play-dev-mode-akka.actor.default-dispatcher-40 - Application started (Dev) (no global state)
2019-06-19 16:36:43,563 [ERROR] from application in play-dev-mode-akka.actor.default-dispatcher-20 - 

! @7c91l660n - Internal server error, for (GET) [/coletor] ->
 
play.sbt.PlayExceptions$CompilationException: Compilation error[cannot find symbol
  symbol:   variable DateUtil
  location: class utils.DebugUtil]
	at play.sbt.PlayExceptions$CompilationException$.apply(PlayExceptions.scala:37)
	at play.sbt.PlayExceptions$CompilationException$.apply(PlayExceptions.scala:37)
	at scala.Option.map(Option.scala:146)
	at play.sbt.run.PlayReload$.$anonfun$taskFailureHandler$1(PlayReload.scala:41)
	at scala.Option.map(Option.scala:146)
	at play.sbt.run.PlayReload$.taskFailureHandler(PlayReload.scala:36)
	at play.sbt.run.PlayReload$.compileFailure(PlayReload.scala:29)
	at play.sbt.run.PlayReload$.$anonfun$compile$3(PlayReload.scala:64)
	at scala.util.Either$LeftProjection.map(Either.scala:569)
	at play.sbt.run.PlayReload$.compile(PlayReload.scala:64)
	at play.sbt.run.PlayRun$.$anonfun$playRunTask$4(PlayRun.scala:80)
	at play.runsupport.Reloader.$anonfun$reload$1(Reloader.scala:501)
	at play.runsupport.Reloader$$anon$1.run(Reloader.scala:58)
	at java.security.AccessController.doPrivileged(Native Method)
	at play.runsupport.Reloader$.play$runsupport$Reloader$$withReloaderContextClassLoader(Reloader.scala:64)
	at play.runsupport.Reloader.reload(Reloader.scala:501)
	at play.core.server.DevServerStart$$anon$1.get(DevServerStart.scala:143)
	at play.core.server.AkkaHttpServer.handleRequest(AkkaHttpServer.scala:304)
	at play.core.server.AkkaHttpServer.$anonfun$createServerBinding$1(AkkaHttpServer.scala:189)
	at akka.stream.impl.fusing.MapAsync$$anon$30.onPush(Ops.scala:1262)
	at akka.stream.impl.fusing.GraphInterpreter.processPush(GraphInterpreter.scala:523)
	at akka.stream.impl.fusing.GraphInterpreter.execute(GraphInterpreter.scala:409)
	at akka.stream.impl.fusing.GraphInterpreterShell.runBatch(ActorGraphInterpreter.scala:599)
	at akka.stream.impl.fusing.GraphInterpreterShell$AsyncInput.execute(ActorGraphInterpreter.scala:480)
	at akka.stream.impl.fusing.GraphInterpreterShell.processEvent(ActorGraphInterpreter.scala:574)
	at akka.stream.impl.fusing.ActorGraphInterpreter.akka$stream$impl$fusing$ActorGraphInterpreter$$processEvent(ActorGraphInterpreter.scala:742)
	at akka.stream.impl.fusing.ActorGraphInterpreter$$anonfun$receive$1.applyOrElse(ActorGraphInterpreter.scala:757)
	at akka.actor.Actor.aroundReceive(Actor.scala:539)
	at akka.actor.Actor.aroundReceive$(Actor.scala:537)
	at akka.stream.impl.fusing.ActorGraphInterpreter.aroundReceive(ActorGraphInterpreter.scala:664)
	at akka.actor.ActorCell.receiveMessage(ActorCell.scala:610)
	at akka.actor.ActorCell.invoke(ActorCell.scala:579)
	at akka.dispatch.Mailbox.processMailbox(Mailbox.scala:268)
	at akka.dispatch.Mailbox.run(Mailbox.scala:229)
	at akka.dispatch.Mailbox.exec(Mailbox.scala:241)
	at akka.dispatch.forkjoin.ForkJoinTask.doExec(ForkJoinTask.java:260)
	at akka.dispatch.forkjoin.ForkJoinPool$WorkQueue.runTask(ForkJoinPool.java:1339)
	at akka.dispatch.forkjoin.ForkJoinPool.runWorker(ForkJoinPool.java:1979)
	at akka.dispatch.forkjoin.ForkJoinWorkerThread.run(ForkJoinWorkerThread.java:107)
2019-06-19 16:38:12,487 [WARN] from application in play-dev-mode-akka.actor.default-dispatcher-42 - Logger configuration in conf files is deprecated and has no effect. Use a logback configuration file instead.
2019-06-19 16:38:12,615 [INFO] from play.api.http.EnabledFilters in play-dev-mode-akka.actor.default-dispatcher-42 - Enabled Filters (see <https://www.playframework.com/documentation/latest/Filters>):

    play.filters.csrf.CSRFFilter
    play.filters.headers.SecurityHeadersFilter
    play.filters.hosts.AllowedHostsFilter

2019-06-19 16:38:12,620 [INFO] from play.api.Play in play-dev-mode-akka.actor.default-dispatcher-42 - Application started (Dev) (no global state)
2019-06-19 16:38:40,186 [WARN] from application in play-dev-mode-akka.actor.default-dispatcher-52 - Logger configuration in conf files is deprecated and has no effect. Use a logback configuration file instead.
2019-06-19 16:38:40,287 [INFO] from play.api.http.EnabledFilters in play-dev-mode-akka.actor.default-dispatcher-52 - Enabled Filters (see <https://www.playframework.com/documentation/latest/Filters>):

    play.filters.csrf.CSRFFilter
    play.filters.headers.SecurityHeadersFilter
    play.filters.hosts.AllowedHostsFilter

2019-06-19 16:38:40,293 [INFO] from play.api.Play in play-dev-mode-akka.actor.default-dispatcher-52 - Application started (Dev) (no global state)
2019-06-19 16:38:40,379 [DEBUG] from application in application-akka.actor.default-dispatcher-3 - [19/06/2019 16:38:40] GW-MOBILE >>> Teste de Log
2019-06-19 16:38:51,382 [WARN] from application in play-dev-mode-akka.actor.default-dispatcher-20 - Logger configuration in conf files is deprecated and has no effect. Use a logback configuration file instead.
2019-06-19 16:38:51,567 [INFO] from play.api.http.EnabledFilters in play-dev-mode-akka.actor.default-dispatcher-20 - Enabled Filters (see <https://www.playframework.com/documentation/latest/Filters>):

    play.filters.csrf.CSRFFilter
    play.filters.headers.SecurityHeadersFilter
    play.filters.hosts.AllowedHostsFilter

2019-06-19 16:38:51,571 [INFO] from play.api.Play in play-dev-mode-akka.actor.default-dispatcher-20 - Application started (Dev) (no global state)
2019-06-19 16:38:51,586 [DEBUG] from application in application-akka.actor.default-dispatcher-6 - [19/06/2019 16:38:51] GW-COLETOR >>> Teste de Log
